Arguments:
  /usr/local/bin/node /usr/local/bin/yarn

PATH:
  /usr/local/lib/node_modules/npm/bin/node-gyp-bin:/Users/Chloe/Documents/code/grace_hopper/campus-manager/node_modules/.bin:/Users/Chloe/google-cloud-sdk/bin:/Users/Chloe/.rvm/gems/ruby-2.3.1/bin:/Users/Chloe/.rvm/gems/ruby-2.3.1@global/bin:/Users/Chloe/.rvm/rubies/ruby-2.3.1/bin:/usr/bin:/bin:/usr/sbin:/sbin:/usr/local/bin:/Users/Chloe/.rvm/bin:/Applications/Postgres.app/Contents/Versions/latest/bin

Yarn version:
  0.18.1

Node version:
  6.9.1

Platform:
  darwin x64

npm manifest:
  {
    "name": "mhia_campus_manager",
    "version": "0.0.1",
    "description": "An admin dashboard web app for an imaginary college district. Campus logos adapted from Brian Ondari's 'Out of the World' vector icons <--License: Creative Commons (Attribution 3.0 Unported)",
    "main": "server/start.js",
    "scripts": {
      "test": "check-node-version --node '>= 6.7.0' && bin/setup && mocha --compilers js:babel-register app/**/*.test.js app/**/*.test.jsx db/**/*.test.js server/**/*.test.js",
      "test-watch": "check-node-version --node '>= 6.7.0' && bin/setup && mocha --compilers js:babel-register --watch app/**/*.test.js app/**/*.test.jsx db/**/*.test.js server/**/*.test.js",
      "build": "check-node-version --node '>= 6.7.0' && bin/setup && webpack",
      "build-watch": "check-node-version --node '>= 6.7.0' && bin/setup && webpack -w",
      "build-branch": "bin/build-branch.sh",
      "deploy-heroku": "bin/deploy-heroku.sh",
      "start": "check-node-version --node '>= 6.7.0' && bin/setup && nodemon server/start.js",
      "seed": "node db/seed.js"
    },
    "engines": {
      "node": "6.9.1"
    },
    "keywords": [
      "react",
      "redux"
    ],
    "dependencies": {
      "axios": "^0.15.3",
      "babel-preset-stage-2": "^6.18.0",
      "bcryptjs": "^2.4.0",
      "body-parser": "^1.15.2",
      "chai-enzyme": "^0.5.2",
      "chalk": "^1.1.3",
      "check-node-version": "^1.1.2",
      "cookie-session": "^2.0.0-alpha.1",
      "enzyme": "^2.5.1",
      "express": "^4.14.0",
      "libpq": "^1.8.5",
      "optimist": "^0.6.1",
      "nodemon": "^1.11.0",
      "passport": "^0.3.2",
      "passport-facebook": "^2.1.1",
      "passport-github2": "^0.1.10",
      "passport-google-oauth": "^1.0.0",
      "passport-local": "^1.0.0",
      "pg": "^6.1.0",
      "pretty-error": "^2.0.2",
      "react": "^15.3.2",
      "react-bootstrap": "^0.30.7",
      "react-dom": "^15.3.2",
      "react-redux": "^4.4.5",
      "react-router": "^3.0.0",
      "react-router-bootstrap": "^0.23.1",
      "redux": "^3.6.0",
      "redux-logger": "^2.7.0",
      "redux-thunk": "^2.1.0",
      "sequelize": "^3.24.6",
      "sinon": "^1.17.6",
      "sinon-chai": "^2.8.0"
    },
    "devDependencies": {
      "babel": "^6.5.2",
      "babel-core": "^6.18.0",
      "babel-loader": "^6.2.7",
      "babel-preset-es2015": "^6.18.0",
      "babel-preset-react": "^6.16.0",
      "nodemon": "^1.11.0",
      "chai": "^3.5.0",
      "mocha": "^3.1.2",
      "supertest": "^2.0.1",
      "supertest-as-promised": "^4.0.1",
      "volleyball": "^1.4.1",
      "webpack": "^1.14.0"
    }
  }

yarn manifest:
  No manifest

Lockfile:
  # THIS IS AN AUTOGENERATED FILE. DO NOT EDIT THIS FILE DIRECTLY.
  # yarn lockfile v1


  abbrev@1:
    version "1.0.9"
    resolved "https://registry.yarnpkg.com/abbrev/-/abbrev-1.0.9.tgz#91b4792588a7738c25f35dd6f63752a2f8776135"

  accepts@~1.3.3:
    version "1.3.3"
    resolved "https://registry.yarnpkg.com/accepts/-/accepts-1.3.3.tgz#c3ca7434938648c3e0d9c1e328dd68b622c284ca"
    dependencies:
      mime-types "~2.1.11"
      negotiator "0.6.1"

  acorn@^3.0.0:
    version "3.3.0"
    resolved "https://registry.yarnpkg.com/acorn/-/acorn-3.3.0.tgz#45e37fb39e8da3f25baee3ff5369e2bb5f22017a"

  align-text@^0.1.1, align-text@^0.1.3:
    version "0.1.4"
    resolved "https://registry.yarnpkg.com/align-text/-/align-text-0.1.4.tgz#0cd90a561093f35d0a99256c22b7069433fad117"
    dependencies:
      kind-of "^3.0.2"
      longest "^1.0.1"
      repeat-string "^1.5.2"

  amdefine@>=0.0.4:
    version "1.0.1"
    resolved "https://registry.yarnpkg.com/amdefine/-/amdefine-1.0.1.tgz#4a5282ac164729e93619bcfd3ad151f817ce91f5"

  ansi-regex@^2.0.0:
    version "2.0.0"
    resolved "https://registry.yarnpkg.com/ansi-regex/-/ansi-regex-2.0.0.tgz#c5061b6e0ef8a81775e50f5d66151bf6bf371107"

  ansi-styles@^2.2.1:
    version "2.2.1"
    resolved "https://registry.yarnpkg.com/ansi-styles/-/ansi-styles-2.2.1.tgz#b432dd3358b634cf75e1e4664368240533c1ddbe"

  anymatch@^1.3.0:
    version "1.3.0"
    resolved "https://registry.yarnpkg.com/anymatch/-/anymatch-1.3.0.tgz#a3e52fa39168c825ff57b0248126ce5a8ff95507"
    dependencies:
      arrify "^1.0.0"
      micromatch "^2.1.5"

  <<<<<<< HEAD
  ap@~0.2.0:
    version "0.2.0"
    resolved "https://registry.yarnpkg.com/ap/-/ap-0.2.0.tgz#ae0942600b29912f0d2b14ec60c45e8f330b6110"

  =======
  >>>>>>> 2f1103393c69d3d38bff5e04b7e370247616309b
  aproba@^1.0.3:
    version "1.0.4"
    resolved "https://registry.yarnpkg.com/aproba/-/aproba-1.0.4.tgz#2713680775e7614c8ba186c065d4e2e52d1072c0"

  are-we-there-yet@~1.1.2:
    version "1.1.2"
    resolved "https://registry.yarnpkg.com/are-we-there-yet/-/are-we-there-yet-1.1.2.tgz#80e470e95a084794fe1899262c5667c6e88de1b3"
    dependencies:
      delegates "^1.0.0"
      readable-stream "^2.0.0 || ^1.1.13"

  arr-diff@^2.0.0:
    version "2.0.0"
    resolved "https://registry.yarnpkg.com/arr-diff/-/arr-diff-2.0.0.tgz#8f3b827f955a8bd669697e4a4256ac3ceae356cf"
    dependencies:
      arr-flatten "^1.0.1"

  arr-flatten@^1.0.1:
    version "1.0.1"
    resolved "https://registry.yarnpkg.com/arr-flatten/-/arr-flatten-1.0.1.tgz#e5ffe54d45e19f32f216e91eb99c8ce892bb604b"

  array-flatten@1.1.1:
    version "1.1.1"
    resolved "https://registry.yarnpkg.com/array-flatten/-/array-flatten-1.1.1.tgz#9a5f699051b1e7073328f2a008968b64ea2955d2"

  array-unique@^0.2.1:
    version "0.2.1"
    resolved "https://registry.yarnpkg.com/array-unique/-/array-unique-0.2.1.tgz#a1d97ccafcbc2625cc70fadceb36a50c58b01a53"

  arrify@^1.0.0:
    version "1.0.1"
    resolved "https://registry.yarnpkg.com/arrify/-/arrify-1.0.1.tgz#898508da2226f380df904728456849c1501a4b0d"

  asap@~2.0.3:
    version "2.0.5"
    resolved "https://registry.yarnpkg.com/asap/-/asap-2.0.5.tgz#522765b50c3510490e52d7dcfe085ef9ba96958f"

  asn1@~0.2.3:
    version "0.2.3"
    resolved "https://registry.yarnpkg.com/asn1/-/asn1-0.2.3.tgz#dac8787713c9966849fc8180777ebe9c1ddf3b86"

  assert-plus@^0.2.0:
    version "0.2.0"
    resolved "https://registry.yarnpkg.com/assert-plus/-/assert-plus-0.2.0.tgz#d74e1b87e7affc0db8aadb7021f3fe48101ab234"

  assert-plus@^1.0.0:
    version "1.0.0"
    resolved "https://registry.yarnpkg.com/assert-plus/-/assert-plus-1.0.0.tgz#f12e0f3c5d77b0b1cdd9146942e4e96c1e4dd525"

  assert@^1.1.1:
    version "1.4.1"
    resolved "https://registry.yarnpkg.com/assert/-/assert-1.4.1.tgz#99912d591836b5a6f5b345c0f07eefc08fc65d91"
    dependencies:
      util "0.10.3"
